OK: /export file=pre_fw_hardening_no_ip_limit_20260319
OK: /system backup save name=pre_fw_hardening_no_ip_limit_20260319
OK: :if ([:len [/interface list find where name="WAN_ALL"]] = 0) do={ /interface list add name=WAN_ALL }
OK: :if ([:len [/interface list member find where list="WAN_ALL" and interface="east_inet_br"]] = 0) do={ /interface list member add list=WAN_ALL interface=east_inet_br }
OK: :if ([:len [/interface list member find where list="WAN_ALL" and interface="ut_inet_br1"]] = 0) do={ /interface list member add list=WAN_ALL interface=ut_inet_br1 }
OK: :if ([:len [/interface list member find where list="WAN_ALL" and interface="ut_inet_br2"]] = 0) do={ /interface list member add list=WAN_ALL interface=ut_inet_br2 }
OK: :if ([:len [/interface list member find where list="WAN_ALL" and interface="ut_inet_br3"]] = 0) do={ /interface list member add list=WAN_ALL interface=ut_inet_br3 }
OK: /ip settings set tcp-syncookies=yes accept-source-route=no accept-redirects=no secure-redirects=no send-redirects=no rp-filter=loose
OK: :if ([:len [/ip firewall filter find where comment="INPUT established"]] = 0) do={ /ip firewall filter add chain=input action=accept connection-state=established,related,untracked place-before=0 comment="INPUT established" }
OK: :if ([:len [/ip firewall filter find where comment="INPUT invalid"]] = 0) do={ /ip firewall filter add chain=input action=drop connection-state=invalid place-before=0 comment="INPUT invalid" }
OK: :if ([:len [/ip firewall filter find where comment="INPUT allow SSH/Winbox WAN"]] = 0) do={ /ip firewall filter add chain=input action=accept protocol=tcp dst-port=2222,8291 in-interface-list=WAN_ALL place-before=0 comment="INPUT allow SSH/Winbox WAN" }
OK: :if ([:len [/ip firewall filter find where comment="INPUT allow API-SSL WAN"]] = 0) do={ /ip firewall filter add chain=input action=accept protocol=tcp dst-port=8729 in-interface-list=WAN_ALL place-before=0 comment="INPUT allow API-SSL WAN" }
OK: :if ([:len [/ip firewall filter find where comment="INPUT drop blacklisted mgmt"]] = 0) do={ /ip firewall filter add chain=input action=drop src-address-list=MGMT_BLACKLIST place-before=0 comment="INPUT drop blacklisted mgmt" }
OK: :if ([:len [/ip firewall filter find where comment="MGMT stage3->blacklist"]] = 0) do={ /ip firewall filter add chain=input action=add-src-to-address-list protocol=tcp dst-port=2222,8291 in-interface-list=WAN_ALL connection-state=new src-address-list=MGMT_STAGE3 address-list=MGMT_BLACKLIST address-list-timeout=1d place-before=0 comment="MGMT stage3->blacklist" }
OK: :if ([:len [/ip firewall filter find where comment="MGMT stage2->3"]] = 0) do={ /ip firewall filter add chain=input action=add-src-to-address-list protocol=tcp dst-port=2222,8291 in-interface-list=WAN_ALL connection-state=new src-address-list=MGMT_STAGE2 address-list=MGMT_STAGE3 address-list-timeout=1m place-before=0 comment="MGMT stage2->3" }
OK: :if ([:len [/ip firewall filter find where comment="MGMT stage1->2"]] = 0) do={ /ip firewall filter add chain=input action=add-src-to-address-list protocol=tcp dst-port=2222,8291 in-interface-list=WAN_ALL connection-state=new src-address-list=MGMT_STAGE1 address-list=MGMT_STAGE2 address-list-timeout=1m place-before=0 comment="MGMT stage1->2" }
OK: :if ([:len [/ip firewall filter find where comment="MGMT new->stage1"]] = 0) do={ /ip firewall filter add chain=input action=add-src-to-address-list protocol=tcp dst-port=2222,8291 in-interface-list=WAN_ALL connection-state=new address-list=MGMT_STAGE1 address-list-timeout=1m place-before=0 comment="MGMT new->stage1" }
OK: :if ([:len [/ip firewall filter find where comment="INPUT IKE"]] = 0) do={ /ip firewall filter add chain=input action=accept protocol=udp dst-port=500,4500,8805 place-before=0 comment="INPUT IKE" }
OK: :if ([:len [/ip firewall filter find where comment="INPUT ESP"]] = 0) do={ /ip firewall filter add chain=input action=accept protocol=ipsec-esp place-before=0 comment="INPUT ESP" }
OK: :if ([:len [/ip firewall filter find where comment="INPUT AH"]] = 0) do={ /ip firewall filter add chain=input action=accept protocol=ipsec-ah place-before=0 comment="INPUT AH" }
OK: :if ([:len [/ip firewall filter find where comment="INPUT drop rest WAN"]] = 0) do={ /ip firewall filter add chain=input action=drop in-interface-list=WAN_ALL place-before=0 comment="INPUT drop rest WAN" }
